[13/Jul/2013 13:12:01] "GET /polls/ HTTP/1.1" 200 467
[13/Jul/2013 13:12:06] "GET /polls/ HTTP/1.1" 200 467
[13/Jul/2013 13:12:07] "GET /polls/ HTTP/1.1" 200 467
[13/Jul/2013 13:12:07] "GET /polls/ HTTP/1.1" 200 467
[13/Jul/2013 13:12:07] "GET /polls/ HTTP/1.1" 200 467
[13/Jul/2013 13:12:07] "GET /polls/ HTTP/1.1" 200 467
[13/Jul/2013 13:12:11] "GET /polls/5/ HTTP/1.1" 200 854
[13/Jul/2013 13:12:15] "GET /polls/1/ HTTP/1.1" 200 846
[13/Jul/2013 15:10:31] "GET /admin HTTP/1.1" 301 0
[13/Jul/2013 15:10:31] "GET /admin/ HTTP/1.1" 200 7847
[13/Jul/2013 15:10:44] "GET /polls/4/results/ HTTP/1.1" 200 140
[13/Jul/2013 15:10:55] "GET /admin HTTP/1.1" 301 0
[13/Jul/2013 15:10:55] "GET /admin/ HTTP/1.1" 200 2026
[13/Jul/2013 15:11:34] "POST /admin/ HTTP/1.1" 302 0
[13/Jul/2013 15:11:34] "GET /admin/ HTTP/1.1" 200 7847
[13/Jul/2013 16:07:09] "GET /admin HTTP/1.1" 301 0
[13/Jul/2013 16:07:09] "GET /admin/ HTTP/1.1" 200 2026
[14/Jul/2013 15:16:34] "GET /admin/ HTTP/1.1" 200 7847
Error: That port is already in use.
[18/Jul/2013 14:10:49] "GET /admin HTTP/1.1" 301 0
[18/Jul/2013 14:10:49] "GET /admin/ HTTP/1.1" 200 2026
[18/Jul/2013 14:10:53] "GET /polls HTTP/1.1" 301 0
[18/Jul/2013 14:11:01] "GET /poll HTTP/1.1" 404 2104
[18/Jul/2013 14:11:01] "GET /polls/ HTTP/1.1" 200 467
[18/Jul/2013 14:11:07] "GET /polls/ HTTP/1.1" 200 467
[18/Jul/2013 14:11:27] "GET /polls/ HTTP/1.1" 200 467
[18/Jul/2013 14:27:29] "GET /polls/1/results/ HTTP/1.1" 200 281
[19/Jul/2013 16:15:49] "GET /polls/1/results/ HTTP/1.1" 200 281
[19/Jul/2013 16:17:22] "GET /polls HTTP/1.1" 301 0
[19/Jul/2013 16:17:22] "GET /polls/ HTTP/1.1" 200 467
[20/Jul/2013 13:15:20] "GET /polls/1/results/ HTTP/1.1" 200 281
[27/Jul/2013 14:55:31] "GET /admin HTTP/1.1" 301 0
[27/Jul/2013 14:55:31] "GET /admin/ HTTP/1.1" 200 2026
[03/Aug/2013 18:11:39] "GET /admin HTTP/1.1" 301 0
[03/Aug/2013 18:11:40] "GET /admin/ HTTP/1.1" 200 2026
[03/Aug/2013 18:11:57] "POST /admin/ HTTP/1.1" 302 0
[03/Aug/2013 18:11:57] "GET /admin/ HTTP/1.1" 200 7847
[03/Aug/2013 18:12:10] "GET /admin/reservations/reservation/ HTTP/1.1" 200 4562
[03/Aug/2013 18:12:10] "GET /admin/jsi18n/ HTTP/1.1" 200 2158
[03/Aug/2013 18:12:15] "GET /admin/reservations/reservation/1/ HTTP/1.1" 200 7105
[03/Aug/2013 18:12:15] "GET /admin/jsi18n/ HTTP/1.1" 200 2158
[03/Aug/2013 18:12:40] "GET /admin/auth/group/ HTTP/1.1" 200 3592
[03/Aug/2013 18:12:40] "GET /admin/jsi18n/ HTTP/1.1" 200 2158
[03/Aug/2013 18:12:42] "GET /admin/auth/group/add/ HTTP/1.1" 200 6836
[03/Aug/2013 18:12:42] "GET /admin/jsi18n/ HTTP/1.1" 200 2158
[03/Aug/2013 18:13:26] "GET /admin/reservations/reservation/ HTTP/1.1" 200 4562
[03/Aug/2013 18:13:26] "GET /admin/jsi18n/ HTTP/1.1" 200 2158
[03/Aug/2013 18:13:57] "GET /admin/reservations/reservation/1/ HTTP/1.1" 200 7105
[03/Aug/2013 18:13:57] "GET /admin/jsi18n/ HTTP/1.1" 200 2158
[03/Aug/2013 19:36:26] "GET /admin/reservations/reservation/1/ HTTP/1.1" 200 7105
[03/Aug/2013 19:36:27] "GET /admin/jsi18n/ HTTP/1.1" 200 2158
[05/Aug/2013 22:07:23] "GET /polls HTTP/1.1" 301 0
[05/Aug/2013 22:07:24] "GET /polls/ HTTP/1.1" 200 467
[07/Aug/2013 22:41:35] "GET /admin HTTP/1.1" 301 0
[07/Aug/2013 22:41:35] "GET /admin/ HTTP/1.1" 200 2026
[07/Aug/2013 22:41:43] "POST /admin/ HTTP/1.1" 200 2168
[07/Aug/2013 22:41:49] "POST /admin/ HTTP/1.1" 200 2168
[07/Aug/2013 22:41:53] "POST /admin/ HTTP/1.1" 302 0
[07/Aug/2013 22:41:53] "GET /admin/ HTTP/1.1" 200 7847
[07/Aug/2013 22:42:06] "GET /admin/reservations/reservation/ HTTP/1.1" 200 4891
[07/Aug/2013 22:42:06] "GET /admin/jsi18n/ HTTP/1.1" 200 2158
[07/Aug/2013 22:45:58] "GET /admin/reservations/reservation/5/ HTTP/1.1" 200 7089
[07/Aug/2013 22:45:58] "GET /admin/jsi18n/ HTTP/1.1" 200 2158
[07/Aug/2013 22:46:02] "GET /admin/reservations/reservation/ HTTP/1.1" 200 4891
[07/Aug/2013 22:46:29] "GET /admin/ HTTP/1.1" 200 7847
[07/Aug/2013 22:46:29] "GET /admin/jsi18n/ HTTP/1.1" 200 2158
[07/Aug/2013 22:46:35] "GET /admin/reservations/reservation/ HTTP/1.1" 200 4891
[07/Aug/2013 22:46:35] "GET /admin/jsi18n/ HTTP/1.1" 200 2158
Traceback (most recent call last):
  File "/usr/lib64/python2.6/SocketServer.py", line 283, in _handle_request_noblock
    self.process_request(request, client_address)
  File "/usr/lib64/python2.6/SocketServer.py", line 309, in process_request
    self.finish_request(request, client_address)
  File "/usr/lib64/python2.6/SocketServer.py", line 322, in finish_request
    self.RequestHandlerClass(request, client_address, self)
  File "/usr/lib/python2.6/site-packages/django/core/servers/basehttp.py", line 570, in __init__
    BaseHTTPRequestHandler.__init__(self, *args, **kwargs)
  File "/usr/lib64/python2.6/SocketServer.py", line 617, in __init__
    self.handle()
  File "/usr/lib/python2.6/site-packages/django/core/servers/basehttp.py", line 610, in handle
    self.raw_requestline = self.rfile.readline()
  File "/usr/lib64/python2.6/socket.py", line 450, in readline
    data = self._sock.recv(self._rbufsize)
error: [Errno 104] Connection reset by peer
[08/Aug/2013 08:14:08] "GET /admin HTTP/1.1" 301 0
[08/Aug/2013 08:14:08] "GET /admin/ HTTP/1.1" 200 2026
[08/Aug/2013 08:16:09] "POST /admin/ HTTP/1.1" 302 0
[08/Aug/2013 08:16:10] "GET /admin/ HTTP/1.1" 200 7847
[08/Aug/2013 12:10:12] "GET / HTTP/1.1" 404 2091
[08/Aug/2013 12:10:18] "GET /admin/ HTTP/1.1" 200 7847
[08/Aug/2013 12:10:21] "GET /admin/reservations/ HTTP/1.1" 200 2365
[08/Aug/2013 12:10:23] "GET /admin/ HTTP/1.1" 200 7847
[08/Aug/2013 12:10:32] "GET /admin/polls/poll/ HTTP/1.1" 200 6707
[08/Aug/2013 12:10:32] "GET /admin/reservations/ HTTP/1.1" 200 2365
[08/Aug/2013 12:10:32] "GET /admin/jsi18n/ HTTP/1.1" 200 2158
[08/Aug/2013 12:12:20] "GET /admin/polls/poll/5/ HTTP/1.1" 200 17663
[08/Aug/2013 12:12:20] "GET /admin/jsi18n/ HTTP/1.1" 200 2158
[08/Aug/2013 12:13:50] "GET /admin/polls/poll/ HTTP/1.1" 200 6707
[08/Aug/2013 12:13:50] "GET /admin/jsi18n/ HTTP/1.1" 200 2158
[08/Aug/2013 12:13:51] "GET /admin/polls/poll/add/ HTTP/1.1" 200 11789
[08/Aug/2013 12:13:52] "GET /admin/jsi18n/ HTTP/1.1" 200 2158
[08/Aug/2013 12:14:15] "POST /admin/polls/poll/add/ HTTP/1.1" 200 12167
[08/Aug/2013 12:14:15] "GET /admin/jsi18n/ HTTP/1.1" 200 2158
[08/Aug/2013 12:14:27] "POST /admin/polls/poll/add/ HTTP/1.1" 200 12137
[08/Aug/2013 12:14:27] "GET /admin/jsi18n/ HTTP/1.1" 200 2158
[08/Aug/2013 12:14:37] "POST /admin/polls/poll/add/ HTTP/1.1" 302 0
[08/Aug/2013 12:14:37] "GET /admin/polls/poll/ HTTP/1.1" 200 7130
[08/Aug/2013 12:14:37] "GET /admin/jsi18n/ HTTP/1.1" 200 2158
[08/Aug/2013 12:15:55] "GET /admin/polls/poll/add/ HTTP/1.1" 200 11789
[08/Aug/2013 12:15:55] "GET /admin/jsi18n/ HTTP/1.1" 200 2158
[08/Aug/2013 12:20:53] "GET /admin/ HTTP/1.1" 200 8119
[08/Aug/2013 12:21:04] "GET /admin/reservations/reservation/ HTTP/1.1" 200 4891
[08/Aug/2013 12:21:04] "GET /admin/jsi18n/ HTTP/1.1" 200 2158
[08/Aug/2013 12:21:40] "GET /admin/reservations/reservation/add/ HTTP/1.1" 200 6825
[08/Aug/2013 12:21:40] "GET /admin/jsi18n/ HTTP/1.1" 200 2158
[08/Aug/2013 12:22:09] "POST /admin/reservations/reservation/add/ HTTP/1.1" 200 7118
[08/Aug/2013 12:22:09] "GET /admin/jsi18n/ HTTP/1.1" 200 2158
[08/Aug/2013 12:22:14] "POST /admin/reservations/reservation/add/ HTTP/1.1" 302 0
[08/Aug/2013 12:22:14] "GET /admin/reservations/reservation/ HTTP/1.1" 200 5198
[08/Aug/2013 12:22:14] "GET /admin/jsi18n/ HTTP/1.1" 200 2158
[08/Aug/2013 12:22:17] "GET /admin/reservations/reservation/1/ HTTP/1.1" 200 7087
[08/Aug/2013 12:22:17] "GET /admin/jsi18n/ HTTP/1.1" 200 2158
[08/Aug/2013 12:22:22] "GET /admin/reservations/reservation/ HTTP/1.1" 200 5060
[08/Aug/2013 12:22:22] "GET /admin/jsi18n/ HTTP/1.1" 200 2158
[08/Aug/2013 12:22:24] "GET /admin/reservations/reservation/8/ HTTP/1.1" 200 7087
[08/Aug/2013 12:22:24] "GET /admin/jsi18n/ HTTP/1.1" 200 2158
[08/Aug/2013 12:22:26] "GET /admin/reservations/reservation/ HTTP/1.1" 200 5060
[08/Aug/2013 12:22:26] "GET /admin/jsi18n/ HTTP/1.1" 200 2158
[08/Aug/2013 12:22:27] "GET /admin/reservations/reservation/5/ HTTP/1.1" 200 7089
[08/Aug/2013 12:22:27] "GET /admin/jsi18n/ HTTP/1.1" 200 2158
[08/Aug/2013 12:22:44] "GET /admin/reservations/reservation/ HTTP/1.1" 200 5060
[08/Aug/2013 12:22:44] "GET /admin/jsi18n/ HTTP/1.1" 200 2158
[08/Aug/2013 12:22:45] "GET /admin/reservations/reservation/add/ HTTP/1.1" 200 6825
[08/Aug/2013 12:22:46] "GET /admin/jsi18n/ HTTP/1.1" 200 2158
[08/Aug/2013 12:38:14] "POST /admin/reservations/reservation/add/ HTTP/1.1" 302 0
[08/Aug/2013 12:38:14] "GET /admin/reservations/reservation/ HTTP/1.1" 200 5367
[08/Aug/2013 12:38:14] "GET /admin/jsi18n/ HTTP/1.1" 200 2158
[08/Aug/2013 12:40:16] "GET /admin/reservations/reservation/8/ HTTP/1.1" 200 7087
[08/Aug/2013 12:40:17] "GET /admin/jsi18n/ HTTP/1.1" 200 2158
[08/Aug/2013 12:40:44] "GET /admin/reservations/reservation/ HTTP/1.1" 200 5229
[08/Aug/2013 12:40:44] "GET /admin/jsi18n/ HTTP/1.1" 200 2158
[08/Aug/2013 12:40:46] "GET /admin/reservations/reservation/9/ HTTP/1.1" 200 7082
[08/Aug/2013 12:40:47] "GET /admin/jsi18n/ HTTP/1.1" 200 2158
[08/Aug/2013 14:03:55] "GET / HTTP/1.1" 404 2091
[08/Aug/2013 14:03:59] "GET /admin/ HTTP/1.1" 200 8435
[10/Aug/2013 13:45:07] "GET /admin/ HTTP/1.1" 200 8435
